\BOOKMARK [1][-]{section.0.1}{\376\377\000I\000n\000t\000r\000o\000d\000u\000c\000t\000i\000o\000n}{}% 1
\BOOKMARK [1][-]{section.0.2}{\376\377\000D\000i\000a\000g\000r\000a\000m\000m\000e\000s\000\040\000d\000e\000\040\000s\000\351\000q\000u\000e\000n\000c\000e}{}% 2
\BOOKMARK [2][-]{subsection.0.2.1}{\376\377\000C\000o\000n\000n\000e\000x\000i\000o\000n\000\040\000\340\000\040\000l\000a\000\040\000s\000a\000l\000l\000e\000\040\000d\000e\000\040\000r\000\351\000u\000n\000i\000o\000n}{section.0.2}% 3
\BOOKMARK [2][-]{subsection.0.2.2}{\376\377\000C\000o\000n\000n\000e\000c\000t\000i\000o\000n\000\040\000W\000e\000b\000R\000T\000C}{section.0.2}% 4
\BOOKMARK [2][-]{subsection.0.2.3}{\376\377\000\311\000c\000h\000a\000n\000g\000e\000s\000\040\000d\000e\000\040\000c\000a\000n\000d\000i\000d\000a\000t\000s\000\040\000I\000C\000E}{section.0.2}% 5
\BOOKMARK [2][-]{subsection.0.2.4}{\376\377\000f\000o\000n\000c\000t\000i\000o\000n\000n\000a\000l\000i\000t\000\351\000s\000\040\000s\000u\000p\000p\000l\000\351\000m\000e\000n\000t\000a\000i\000r\000e\000s}{section.0.2}% 6
\BOOKMARK [1][-]{section.0.3}{\376\377\000U\000t\000i\000l\000i\000s\000a\000t\000i\000o\000n\000\040\000d\000e\000\040\000l\000'\000a\000p\000p\000l\000i\000c\000a\000t\000i\000o\000n}{}% 7
\BOOKMARK [2][-]{subsection.0.3.1}{\376\377\000L\000e\000s\000\040\000R\000\351\000u\000n\000i\000o\000n\000s}{section.0.3}% 8
\BOOKMARK [2][-]{subsection.0.3.2}{\376\377\000L\000a\000\040\000M\000e\000s\000s\000a\000g\000e\000r\000i\000e\000\040\000e\000n\000\040\000T\000e\000m\000p\000s\000\040\000R\000\351\000e\000l}{section.0.3}% 9
\BOOKMARK [1][-]{section.0.4}{\376\377\000F\000o\000n\000c\000t\000i\000o\000n\000n\000e\000m\000e\000n\000t\000\040\000d\000e\000\040\000l\000'\000a\000p\000p\000l\000i\000c\000a\000t\000i\000o\000n\000\040\000d\000e\000\040\000r\000\351\000u\000n\000i\000o\000n}{}% 10
\BOOKMARK [2][-]{subsection.0.4.1}{\376\377\000D\000O\000M\000\040\000E\000l\000e\000m\000e\000n\000t\000s}{section.0.4}% 11
\BOOKMARK [2][-]{subsection.0.4.2}{\376\377\000V\000a\000r\000i\000a\000b\000l\000e\000s}{section.0.4}% 12
\BOOKMARK [2][-]{subsection.0.4.3}{\376\377\000B\000u\000t\000t\000o\000n\000\040\000L\000i\000s\000t\000e\000n\000e\000r\000s}{section.0.4}% 13
\BOOKMARK [2][-]{subsection.0.4.4}{\376\377\000S\000o\000c\000k\000e\000t\000\040\000E\000v\000e\000n\000t\000\040\000C\000a\000l\000l\000b\000a\000c\000k\000s}{section.0.4}% 14
\BOOKMARK [2][-]{subsection.0.4.5}{\376\377\000F\000o\000n\000c\000t\000i\000o\000n\000s\000\040\000P\000r\000i\000n\000c\000i\000p\000a\000l\000e\000s}{section.0.4}% 15
\BOOKMARK [1][-]{section.0.5}{\376\377\000F\000o\000n\000c\000t\000i\000o\000n\000n\000e\000m\000e\000n\000t\000\040\000d\000e\000\040\000l\000'\000a\000p\000p\000l\000i\000c\000a\000t\000i\000o\000n\000\040\000d\000e\000\040\000m\000e\000s\000s\000a\000g\000e\000r\000i\000e}{}% 16
\BOOKMARK [2][-]{subsection.0.5.1}{\376\377\000I\000n\000i\000t\000i\000a\000l\000i\000s\000a\000t\000i\000o\000n\000\040\000e\000t\000\040\000C\000o\000n\000n\000e\000x\000i\000o\000n\000\040\000S\000o\000c\000k\000e\000t\000.\000I\000O}{section.0.5}% 17
\BOOKMARK [2][-]{subsection.0.5.2}{\376\377\000\311\000l\000\351\000m\000e\000n\000t\000s\000\040\000d\000e\000\040\000l\000'\000I\000n\000t\000e\000r\000f\000a\000c\000e\000\040\000U\000t\000i\000l\000i\000s\000a\000t\000e\000u\000r}{section.0.5}% 18
\BOOKMARK [2][-]{subsection.0.5.3}{\376\377\000E\000n\000v\000o\000i\000\040\000d\000e\000\040\000M\000e\000s\000s\000a\000g\000e\000s}{section.0.5}% 19
\BOOKMARK [2][-]{subsection.0.5.4}{\376\377\000R\000\351\000c\000e\000p\000t\000i\000o\000n\000\040\000e\000t\000\040\000A\000f\000f\000i\000c\000h\000a\000g\000e\000\040\000d\000e\000\040\000M\000e\000s\000s\000a\000g\000e\000s}{section.0.5}% 20
\BOOKMARK [2][-]{subsection.0.5.5}{\376\377\000R\000\351\000s\000u\000m\000\351}{section.0.5}% 21
\BOOKMARK [1][-]{section.0.6}{\376\377\000F\000o\000n\000c\000t\000i\000o\000n\000n\000e\000m\000e\000n\000t\000\040\000d\000u\000\040\000s\000e\000r\000v\000e\000u\000r\000\040\000d\000e\000\040\000l\000'\000a\000p\000p\000l\000i\000c\000a\000t\000i\000o\000n}{}% 22
\BOOKMARK [2][-]{subsection.0.6.1}{\376\377\000I\000n\000i\000t\000i\000a\000l\000i\000s\000a\000t\000i\000o\000n\000\040\000d\000'\000E\000x\000p\000r\000e\000s\000s\000\040\000e\000t\000\040\000C\000o\000n\000f\000i\000g\000u\000r\000a\000t\000i\000o\000n\000\040\000S\000S\000R}{section.0.6}% 23
\BOOKMARK [2][-]{subsection.0.6.2}{\376\377\000C\000o\000n\000f\000i\000g\000u\000r\000a\000t\000i\000o\000n\000\040\000d\000u\000\040\000S\000e\000r\000v\000e\000u\000r\000\040\000H\000T\000T\000P\000\040\000e\000t\000\040\000S\000o\000c\000k\000e\000t\000.\000I\000O}{section.0.6}% 24
\BOOKMARK [2][-]{subsection.0.6.3}{\376\377\000G\000e\000s\000t\000i\000o\000n\000\040\000d\000e\000s\000\040\000M\000e\000s\000s\000a\000g\000e\000s\000\040\000e\000t\000\040\000\311\000v\000\351\000n\000e\000m\000e\000n\000t\000s\000\040\000S\000o\000c\000k\000e\000t\000.\000I\000O}{section.0.6}% 25
\BOOKMARK [2][-]{subsection.0.6.4}{\376\377\000G\000e\000s\000t\000i\000o\000n\000\040\000d\000e\000\040\000l\000a\000\040\000D\000\351\000c\000o\000n\000n\000e\000x\000i\000o\000n}{section.0.6}% 26
\BOOKMARK [2][-]{subsection.0.6.5}{\376\377\000D\000\351\000m\000a\000r\000r\000a\000g\000e\000\040\000d\000u\000\040\000S\000e\000r\000v\000e\000u\000r}{section.0.6}% 27
\BOOKMARK [2][-]{subsection.0.6.6}{\376\377\000R\000\351\000s\000u\000m\000\351}{section.0.6}% 28
\BOOKMARK [1][-]{section.0.7}{\376\377\000U\000I\000/\000U\000X\000\040\000d\000e\000\040\000l\000'\000a\000p\000p\000l\000i\000c\000a\000t\000i\000o\000n}{}% 29
\BOOKMARK [2][-]{subsection.0.7.1}{\376\377\000T\000e\000c\000h\000n\000o\000l\000o\000g\000i\000e\000s\000\040\000u\000t\000i\000l\000i\000s\000\351\000e\000s}{section.0.7}% 30
\BOOKMARK [2][-]{subsection.0.7.2}{\376\377\000C\000o\000n\000t\000e\000x\000t\000e\000\040\000d\000e\000\040\000l\000'\000A\000p\000p\000l\000i\000c\000a\000t\000i\000o\000n}{section.0.7}% 31
\BOOKMARK [1][-]{section.0.8}{\376\377\000A\000n\000a\000l\000y\000s\000e\000\040\000U\000I\000/\000U\000X}{}% 32
\BOOKMARK [2][-]{subsection.0.8.1}{\376\377\000D\000i\000s\000p\000o\000s\000i\000t\000i\000o\000n\000\040\000p\000r\000i\000n\000c\000i\000p\000a\000l\000\040\000d\000e\000\040\000l\000'\000a\000p\000p\000l\000i\000c\000a\000t\000i\000o\000n}{section.0.8}% 33
\BOOKMARK [2][-]{subsection.0.8.2}{\376\377\000N\000a\000v\000i\000g\000a\000t\000i\000o\000n}{section.0.8}% 34
\BOOKMARK [2][-]{subsection.0.8.3}{\376\377\000P\000a\000g\000e\000\040\000-\000\040\000R\000\351\000u\000n\000i\000o\000n}{section.0.8}% 35
\BOOKMARK [2][-]{subsection.0.8.4}{\376\377\000P\000a\000g\000e\000\040\000-\000\040\000M\000e\000s\000s\000a\000g\000e\000r\000i\000e}{section.0.8}% 36
\BOOKMARK [2][-]{subsection.0.8.5}{\376\377\000P\000i\000e\000d\000\040\000d\000e\000\040\000p\000a\000g\000e\000\040\000-\000\040\000F\000o\000o\000t\000e\000r}{section.0.8}% 37
\BOOKMARK [1][-]{section.0.9}{\376\377\000P\000e\000r\000f\000o\000r\000m\000a\000n\000c\000e\000s\000\040\000d\000e\000\040\000l\000'\000a\000p\000p\000l\000i\000c\000a\000t\000i\000o\000n}{}% 38
\BOOKMARK [2][-]{subsection.0.9.1}{\376\377\000P\000a\000g\000e\000\040\000L\000o\000a\000d\000\040\000T\000i\000m\000e}{section.0.9}% 39
\BOOKMARK [2][-]{subsection.0.9.2}{\376\377\000C\000o\000r\000e\000\040\000W\000e\000b\000\040\000V\000i\000t\000a\000l\000s}{section.0.9}% 40
\BOOKMARK [1][-]{section.0.10}{\376\377\000I\000n\000s\000t\000a\000l\000l\000a\000t\000i\000o\000n\000\040\000d\000e\000\040\000l\000'\000a\000p\000p\000l\000i\000c\000a\000t\000i\000o\000n}{}% 41
\BOOKMARK [2][-]{subsection.0.10.1}{\376\377\000I\000n\000s\000t\000a\000l\000l\000a\000t\000i\000o\000n\000\040\000e\000n\000\040\000d\000u\000r}{section.0.10}% 42
\BOOKMARK [1][-]{section.0.11}{\376\377\000B\000u\000g\000s}{}% 43
\BOOKMARK [2][-]{subsection.0.11.1}{\376\377\000B\000u\000g\000s\000\040\000c\000o\000n\000n\000u\000s}{section.0.11}% 44
\BOOKMARK [2][-]{subsection.0.11.2}{\376\377\000B\000u\000g\000s\000\040\000i\000n\000c\000o\000n\000n\000u\000s}{section.0.11}% 45
\BOOKMARK [1][-]{section.0.12}{\376\377\000A\000n\000n\000e\000x\000e\000s}{}% 46
\BOOKMARK [2][-]{subsection.0.12.1}{\376\377\000C\000o\000d\000e\000\040\000d\000u\000\040\000f\000r\000o\000n\000t\000e\000n\000d}{section.0.12}% 47
\BOOKMARK [2][-]{subsection.0.12.2}{\376\377\000C\000o\000d\000e\000\040\000d\000u\000\040\000b\000a\000c\000k\000e\000n\000d}{section.0.12}% 48
\BOOKMARK [1][-]{section.0.13}{\376\377\000C\000o\000n\000c\000l\000u\000s\000i\000o\000n}{}% 49
